<?xml version="1.0" encoding="UTF-8"?>
<!-- Generated by org.testng.reporters.JUnitXMLReporter -->
<testsuite ignored="4" hostname="Admin-PC" failures="0" tests="1" name="ChromeTests" time="7.745" errors="0" timestamp="2025-09-05T11:49:53 GMT+07:00">
  <testcase classname="com.qwer.tests.ui.web.LoginTest" name="loginFailNotVerifyEmailYet" time="1.532"/>
  <testcase classname="com.qwer.tests.ui.web.LoginTest" name="loginFailWithInvalidInfo" time="0.0">
    <ignored/>
  </testcase> <!-- loginFailWithInvalidInfo -->
  <testcase classname="com.qwer.tests.ui.web.LoginTest" name="loginFailWithInvalidEmail" time="0.0">
    <ignored/>
  </testcase> <!-- loginFailWithInvalidEmail -->
  <testcase classname="com.qwer.tests.ui.web.LoginTest" name="loginSuccess" time="0.0">
    <ignored/>
  </testcase> <!-- loginSuccess -->
  <testcase classname="com.qwer.tests.ui.web.LoginTest" name="loginFailWithWrongPass" time="0.0">
    <ignored/>
  </testcase> <!-- loginFailWithWrongPass -->
</testsuite> <!-- ChromeTests -->
